<?xml version="1.0" encoding="UTF-8"?>
<testng-results skipped="0" failed="1" ignored="1" total="2" passed="0">
  <reporter-output>
  </reporter-output>
  <suite name=" Functional Suite" duration-ms="55460" started-at="2018-02-07T15:59:53Z" finished-at="2018-02-07T16:00:48Z">
    <groups>
    </groups>
    <test name="VerifyYouTubeFunctionality" duration-ms="55460" started-at="2018-02-07T15:59:53Z" finished-at="2018-02-07T16:00:48Z">
      <class name="com.umbrella.Amazon.FunctionalTest.VerifyYouTubeFunctionality">
        <test-method status="PASS" signature="launchBrowser()[pri:0, instance:com.umbrella.Amazon.FunctionalTest.VerifyYouTubeFunctionality@5e25a92e]" name="launchBrowser" is-config="true" duration-ms="11316" started-at="2018-02-07T21:29:53Z" finished-at="2018-02-07T21:30:04Z">
          <reporter-output>
          </reporter-output>
        </test-method> <!-- launchBrowser -->
        <test-method status="PASS" signature="beforeMethod(java.lang.reflect.Method)[pri:0, instance:com.umbrella.Amazon.FunctionalTest.VerifyYouTubeFunctionality@5e25a92e]" name="beforeMethod" is-config="true" duration-ms="5" started-at="2018-02-07T21:30:04Z" finished-at="2018-02-07T21:30:04Z">
          <params>
            <param index="0">
              <value>
                <![CDATA[public void com.umbrella.Amazon.FunctionalTest.VerifyYouTubeFunctionality.SkipAddTest() throws java.lang.InterruptedException]]>
              </value>
            </param>
          </params>
          <reporter-output>
          </reporter-output>
        </test-method> <!-- beforeMethod -->
        <test-method status="FAIL" signature="SkipAddTest()[pri:0, instance:com.umbrella.Amazon.FunctionalTest.VerifyYouTubeFunctionality@5e25a92e]" name="SkipAddTest" duration-ms="41441" started-at="2018-02-07T21:30:04Z" finished-at="2018-02-07T21:30:46Z">
          <exception class="org.awaitility.core.ConditionTimeoutException">
            <message>
              <![CDATA[Condition with alias 'Avertisent can not be skipiied before 5 seconds' didn't complete within 20 seconds because lambda expression in com.umbrella.Amazon.PageFactory.YouTube that uses org.openqa.selenium.WebElement: expected "Skip Ad" but was "".]]>
            </message>
            <full-stacktrace>
              <![CDATA[org.awaitility.core.ConditionTimeoutException: Condition with alias 'Avertisent can not be skipiied before 5 seconds' didn't complete within 20 seconds because lambda expression in com.umbrella.Amazon.PageFactory.YouTube that uses org.openqa.selenium.WebElement: expected "Skip Ad" but was "".at org.awaitility.core.ConditionAwaiter.await(ConditionAwaiter.java:136)at org.awaitility.core.AbstractHamcrestCondition.await(AbstractHamcrestCondition.java:89)at org.awaitility.core.ConditionFactory.until(ConditionFactory.java:840)at org.awaitility.core.ConditionFactory.until(ConditionFactory.java:619)at com.umbrella.Amazon.PageFactory.YouTube.skipAdd(YouTube.java:131)at com.umbrella.Amazon.FunctionalTest.VerifyYouTubeFunctionality.SkipAddTest(VerifyYouTubeFunctionality.java:37)at sun.reflect.NativeMethodAccessorImpl.invoke0(Native Method)at sun.reflect.NativeMethodAccessorImpl.invoke(NativeMethodAccessorImpl.java:62)at sun.reflect.DelegatingMethodAccessorImpl.invoke(DelegatingMethodAccessorImpl.java:43)at java.lang.reflect.Method.invoke(Method.java:498)at org.testng.internal.MethodInvocationHelper.invokeMethod(MethodInvocationHelper.java:124)at org.testng.internal.Invoker.invokeMethod(Invoker.java:571)at org.testng.internal.Invoker.invokeTestMethod(Invoker.java:707)at org.testng.internal.Invoker.invokeTestMethods(Invoker.java:979)at org.testng.internal.TestMethodWorker.invokeTestMethods(TestMethodWorker.java:125)at org.testng.internal.TestMethodWorker.run(TestMethodWorker.java:109)at org.testng.TestRunner.privateRun(TestRunner.java:648)at org.testng.TestRunner.run(TestRunner.java:505)at org.testng.SuiteRunner.runTest(SuiteRunner.java:455)at org.testng.SuiteRunner.access$000(SuiteRunner.java:40)at org.testng.SuiteRunner$SuiteWorker.run(SuiteRunner.java:489)at org.testng.internal.thread.ThreadUtil$1.call(ThreadUtil.java:52)at java.util.concurrent.FutureTask.run(FutureTask.java:266)at java.util.concurrent.ThreadPoolExecutor.runWorker(ThreadPoolExecutor.java:1149)at java.util.concurrent.ThreadPoolExecutor$Worker.run(ThreadPoolExecutor.java:624)at java.lang.Thread.run(Thread.java:748)]]>
            </full-stacktrace>
          </exception> <!-- org.awaitility.core.ConditionTimeoutException -->
          <reporter-output>
          </reporter-output>
        </test-method> <!-- SkipAddTest -->
        <test-method status="PASS" signature="afterMethod(org.testng.ITestResult)[pri:0, instance:com.umbrella.Amazon.FunctionalTest.VerifyYouTubeFunctionality@5e25a92e]" name="afterMethod" is-config="true" duration-ms="925" started-at="2018-02-07T21:30:46Z" finished-at="2018-02-07T21:30:47Z">
          <params>
            <param index="0">
              <value>
                <![CDATA[[TestResult name=SkipAddTest status=FAILURE method=VerifyYouTubeFunctionality.SkipAddTest()[pri:0, instance:com.umbrella.Amazon.FunctionalTest.VerifyYouTubeFunctionality@5e25a92e] output={null}]]]>
              </value>
            </param>
          </params>
          <reporter-output>
          </reporter-output>
        </test-method> <!-- afterMethod -->
        <test-method status="PASS" signature="endTest()[pri:0, instance:com.umbrella.Amazon.FunctionalTest.VerifyYouTubeFunctionality@5e25a92e]" name="endTest" is-config="true" duration-ms="1592" started-at="2018-02-07T21:30:47Z" finished-at="2018-02-07T21:30:48Z">
          <reporter-output>
          </reporter-output>
        </test-method> <!-- endTest -->
      </class> <!-- com.umbrella.Amazon.FunctionalTest.VerifyYouTubeFunctionality -->
    </test> <!-- VerifyYouTubeFunctionality -->
  </suite> <!--  Functional Suite -->
  <suite name="Master test suite" duration-ms="0" started-at="2018-02-07T16:00:49Z" finished-at="2018-02-07T16:00:49Z">
    <groups>
    </groups>
  </suite> <!-- Master test suite -->
</testng-results>
